<?xml version="1.0" encoding="UTF-8"?>
<!-- Generated by org.testng.reporters.JUnitReportReporter -->
<testsuite hostname="Mikes-MacBook.local" failures="0" tests="2" name="AppiumTest" time="0.006" errors="0" timestamp="08 Apr 2020 00:30:00 GMT" skipped="0">
  <testcase classname="AppiumTest" name="NativeAppAndroid" time="0.005"/>
  <testcase classname="AppiumTest" name="iOSApp" time="0.001"/>
</testsuite> <!-- AppiumTest -->
