<?xml version="1.0" encoding="UTF-8"?>
<!-- Generated by org.testng.reporters.JUnitReportReporter -->
<testsuite hostname="Mikes-MacBook.local" failures="0" tests="2" name="RESTAPITest" time="0.000" errors="0" timestamp="08 Apr 2020 00:30:00 GMT" skipped="0">
  <testcase classname="RESTAPITest" name="PostJira" time="0.000"/>
  <testcase classname="RESTAPITest" name="deleteTwitter" time="0.000"/>
</testsuite> <!-- RESTAPITest -->
